                                 Started job on |	Aug 08 22:58:12
                             Started mapping on |	Aug 08 22:58:18
                                    Finished on |	Aug 08 22:59:26
       Mapping speed, Million of reads per hour |	1391.84

                          Number of input reads |	26290224
                      Average input read length |	75
                                    UNIQUE READS:
                   Uniquely mapped reads number |	23772095
                        Uniquely mapped reads % |	90.42%
                          Average mapped length |	75.01
                       Number of splices: Total |	3943257
            Number of splices: Annotated (sjdb) |	3769478
                       Number of splices: GT/AG |	3887131
                       Number of splices: GC/AG |	31762
                       Number of splices: AT/AC |	3267
               Number of splices: Non-canonical |	21097
                      Mismatch rate per base, % |	0.71%
                         Deletion rate per base |	0.04%
                        Deletion average length |	1.94
                        Insertion rate per base |	0.02%
                       Insertion average length |	1.75
                             MULTI-MAPPING READS:
        Number of reads mapped to multiple loci |	1443552
             % of reads mapped to multiple loci |	5.49%
        Number of reads mapped to too many loci |	194776
             % of reads mapped to too many loci |	0.74%
                                  UNMAPPED READS:
       % of reads unmapped: too many mismatches |	0.00%
                 % of reads unmapped: too short |	2.50%
                     % of reads unmapped: other |	0.85%
                                  CHIMERIC READS:
                       Number of chimeric reads |	0
                            % of chimeric reads |	0.00%
