                                 Started job on |	Aug 08 22:41:29
                             Started mapping on |	Aug 08 22:41:47
                                    Finished on |	Aug 08 22:44:02
       Mapping speed, Million of reads per hour |	869.29

                          Number of input reads |	32598508
                      Average input read length |	135
                                    UNIQUE READS:
                   Uniquely mapped reads number |	28977763
                        Uniquely mapped reads % |	88.89%
                          Average mapped length |	135.42
                       Number of splices: Total |	7560269
            Number of splices: Annotated (sjdb) |	7058132
                       Number of splices: GT/AG |	7427236
                       Number of splices: GC/AG |	69409
                       Number of splices: AT/AC |	6093
               Number of splices: Non-canonical |	57531
                      Mismatch rate per base, % |	0.64%
                         Deletion rate per base |	0.05%
                        Deletion average length |	2.85
                        Insertion rate per base |	0.03%
                       Insertion average length |	2.67
                             MULTI-MAPPING READS:
        Number of reads mapped to multiple loci |	1415853
             % of reads mapped to multiple loci |	4.34%
        Number of reads mapped to too many loci |	138794
             % of reads mapped to too many loci |	0.43%
                                  UNMAPPED READS:
       % of reads unmapped: too many mismatches |	0.00%
                 % of reads unmapped: too short |	6.11%
                     % of reads unmapped: other |	0.23%
                                  CHIMERIC READS:
                       Number of chimeric reads |	0
                            % of chimeric reads |	0.00%
