                                 Started job on |	Aug 08 22:44:05
                             Started mapping on |	Aug 08 22:44:11
                                    Finished on |	Aug 08 22:45:07
       Mapping speed, Million of reads per hour |	1367.51

                          Number of input reads |	21272369
                      Average input read length |	74
                                    UNIQUE READS:
                   Uniquely mapped reads number |	19882138
                        Uniquely mapped reads % |	93.46%
                          Average mapped length |	74.50
                       Number of splices: Total |	3968733
            Number of splices: Annotated (sjdb) |	3792543
                       Number of splices: GT/AG |	3917232
                       Number of splices: GC/AG |	33142
                       Number of splices: AT/AC |	3141
               Number of splices: Non-canonical |	15218
                      Mismatch rate per base, % |	0.69%
                         Deletion rate per base |	0.04%
                        Deletion average length |	1.86
                        Insertion rate per base |	0.02%
                       Insertion average length |	1.66
                             MULTI-MAPPING READS:
        Number of reads mapped to multiple loci |	605619
             % of reads mapped to multiple loci |	2.85%
        Number of reads mapped to too many loci |	109406
             % of reads mapped to too many loci |	0.51%
                                  UNMAPPED READS:
       % of reads unmapped: too many mismatches |	0.00%
                 % of reads unmapped: too short |	2.46%
                     % of reads unmapped: other |	0.71%
                                  CHIMERIC READS:
                       Number of chimeric reads |	0
                            % of chimeric reads |	0.00%
