                                 Started job on |	Aug 08 22:45:09
                             Started mapping on |	Aug 08 22:45:14
                                    Finished on |	Aug 08 22:47:45
       Mapping speed, Million of reads per hour |	824.27

                          Number of input reads |	34573446
                      Average input read length |	137
                                    UNIQUE READS:
                   Uniquely mapped reads number |	28855434
                        Uniquely mapped reads % |	83.46%
                          Average mapped length |	137.17
                       Number of splices: Total |	6195496
            Number of splices: Annotated (sjdb) |	5796373
                       Number of splices: GT/AG |	6081257
                       Number of splices: GC/AG |	53799
                       Number of splices: AT/AC |	5290
               Number of splices: Non-canonical |	55150
                      Mismatch rate per base, % |	0.69%
                         Deletion rate per base |	0.06%
                        Deletion average length |	2.65
                        Insertion rate per base |	0.04%
                       Insertion average length |	2.36
                             MULTI-MAPPING READS:
        Number of reads mapped to multiple loci |	3595774
             % of reads mapped to multiple loci |	10.40%
        Number of reads mapped to too many loci |	128836
             % of reads mapped to too many loci |	0.37%
                                  UNMAPPED READS:
       % of reads unmapped: too many mismatches |	0.00%
                 % of reads unmapped: too short |	5.55%
                     % of reads unmapped: other |	0.21%
                                  CHIMERIC READS:
                       Number of chimeric reads |	0
                            % of chimeric reads |	0.00%
