                                 Started job on |	Aug 08 22:48:56
                             Started mapping on |	Aug 08 22:49:01
                                    Finished on |	Aug 08 22:52:24
       Mapping speed, Million of reads per hour |	910.85

                          Number of input reads |	51361917
                      Average input read length |	148
                                    UNIQUE READS:
                   Uniquely mapped reads number |	48081788
                        Uniquely mapped reads % |	93.61%
                          Average mapped length |	147.82
                       Number of splices: Total |	18715398
            Number of splices: Annotated (sjdb) |	17998841
                       Number of splices: GT/AG |	18454557
                       Number of splices: GC/AG |	150884
                       Number of splices: AT/AC |	18140
               Number of splices: Non-canonical |	91817
                      Mismatch rate per base, % |	0.66%
                         Deletion rate per base |	0.07%
                        Deletion average length |	2.65
                        Insertion rate per base |	0.06%
                       Insertion average length |	2.08
                             MULTI-MAPPING READS:
        Number of reads mapped to multiple loci |	1218703
             % of reads mapped to multiple loci |	2.37%
        Number of reads mapped to too many loci |	180690
             % of reads mapped to too many loci |	0.35%
                                  UNMAPPED READS:
       % of reads unmapped: too many mismatches |	0.00%
                 % of reads unmapped: too short |	3.27%
                     % of reads unmapped: other |	0.39%
                                  CHIMERIC READS:
                       Number of chimeric reads |	0
                            % of chimeric reads |	0.00%
