                                 Started job on |	Aug 08 22:52:28
                             Started mapping on |	Aug 08 22:52:34
                                    Finished on |	Aug 08 22:54:48
       Mapping speed, Million of reads per hour |	859.67

                          Number of input reads |	31998900
                      Average input read length |	137
                                    UNIQUE READS:
                   Uniquely mapped reads number |	27823261
                        Uniquely mapped reads % |	86.95%
                          Average mapped length |	137.08
                       Number of splices: Total |	6240285
            Number of splices: Annotated (sjdb) |	5839476
                       Number of splices: GT/AG |	6128539
                       Number of splices: GC/AG |	55262
                       Number of splices: AT/AC |	5094
               Number of splices: Non-canonical |	51390
                      Mismatch rate per base, % |	0.66%
                         Deletion rate per base |	0.06%
                        Deletion average length |	2.66
                        Insertion rate per base |	0.04%
                       Insertion average length |	2.44
                             MULTI-MAPPING READS:
        Number of reads mapped to multiple loci |	2218924
             % of reads mapped to multiple loci |	6.93%
        Number of reads mapped to too many loci |	117862
             % of reads mapped to too many loci |	0.37%
                                  UNMAPPED READS:
       % of reads unmapped: too many mismatches |	0.00%
                 % of reads unmapped: too short |	5.52%
                     % of reads unmapped: other |	0.23%
                                  CHIMERIC READS:
                       Number of chimeric reads |	0
                            % of chimeric reads |	0.00%
