                                 Started job on |	Aug 08 22:54:51
                             Started mapping on |	Aug 08 22:54:57
                                    Finished on |	Aug 08 22:55:44
       Mapping speed, Million of reads per hour |	1302.37

                          Number of input reads |	17003150
                      Average input read length |	74
                                    UNIQUE READS:
                   Uniquely mapped reads number |	15870450
                        Uniquely mapped reads % |	93.34%
                          Average mapped length |	74.51
                       Number of splices: Total |	3178505
            Number of splices: Annotated (sjdb) |	3033291
                       Number of splices: GT/AG |	3137310
                       Number of splices: GC/AG |	26421
                       Number of splices: AT/AC |	2470
               Number of splices: Non-canonical |	12304
                      Mismatch rate per base, % |	0.69%
                         Deletion rate per base |	0.04%
                        Deletion average length |	1.83
                        Insertion rate per base |	0.02%
                       Insertion average length |	1.65
                             MULTI-MAPPING READS:
        Number of reads mapped to multiple loci |	503932
             % of reads mapped to multiple loci |	2.96%
        Number of reads mapped to too many loci |	95001
             % of reads mapped to too many loci |	0.56%
                                  UNMAPPED READS:
       % of reads unmapped: too many mismatches |	0.00%
                 % of reads unmapped: too short |	2.43%
                     % of reads unmapped: other |	0.71%
                                  CHIMERIC READS:
                       Number of chimeric reads |	0
                            % of chimeric reads |	0.00%
