                                 Started job on |	Aug 08 22:55:45
                             Started mapping on |	Aug 08 22:55:50
                                    Finished on |	Aug 08 22:56:55
       Mapping speed, Million of reads per hour |	1344.00

                          Number of input reads |	24266600
                      Average input read length |	74
                                    UNIQUE READS:
                   Uniquely mapped reads number |	22720592
                        Uniquely mapped reads % |	93.63%
                          Average mapped length |	74.45
                       Number of splices: Total |	4579314
            Number of splices: Annotated (sjdb) |	4370406
                       Number of splices: GT/AG |	4520799
                       Number of splices: GC/AG |	36963
                       Number of splices: AT/AC |	3726
               Number of splices: Non-canonical |	17826
                      Mismatch rate per base, % |	0.69%
                         Deletion rate per base |	0.04%
                        Deletion average length |	1.86
                        Insertion rate per base |	0.02%
                       Insertion average length |	1.65
                             MULTI-MAPPING READS:
        Number of reads mapped to multiple loci |	686996
             % of reads mapped to multiple loci |	2.83%
        Number of reads mapped to too many loci |	126689
             % of reads mapped to too many loci |	0.52%
                                  UNMAPPED READS:
       % of reads unmapped: too many mismatches |	0.00%
                 % of reads unmapped: too short |	2.46%
                     % of reads unmapped: other |	0.56%
                                  CHIMERIC READS:
                       Number of chimeric reads |	0
                            % of chimeric reads |	0.00%
