                                 Started job on |	Aug 08 22:56:58
                             Started mapping on |	Aug 08 22:57:03
                                    Finished on |	Aug 08 22:58:09
       Mapping speed, Million of reads per hour |	1398.74

                          Number of input reads |	25643654
                      Average input read length |	74
                                    UNIQUE READS:
                   Uniquely mapped reads number |	23909988
                        Uniquely mapped reads % |	93.24%
                          Average mapped length |	74.53
                       Number of splices: Total |	4851903
            Number of splices: Annotated (sjdb) |	4637595
                       Number of splices: GT/AG |	4788829
                       Number of splices: GC/AG |	40659
                       Number of splices: AT/AC |	3725
               Number of splices: Non-canonical |	18690
                      Mismatch rate per base, % |	0.69%
                         Deletion rate per base |	0.04%
                        Deletion average length |	1.83
                        Insertion rate per base |	0.02%
                       Insertion average length |	1.66
                             MULTI-MAPPING READS:
        Number of reads mapped to multiple loci |	756758
             % of reads mapped to multiple loci |	2.95%
        Number of reads mapped to too many loci |	148300
             % of reads mapped to too many loci |	0.58%
                                  UNMAPPED READS:
       % of reads unmapped: too many mismatches |	0.00%
                 % of reads unmapped: too short |	2.38%
                     % of reads unmapped: other |	0.85%
                                  CHIMERIC READS:
                       Number of chimeric reads |	0
                            % of chimeric reads |	0.00%
