                                 Started job on |	Aug 08 23:02:57
                             Started mapping on |	Aug 08 23:03:03
                                    Finished on |	Aug 08 23:04:54
       Mapping speed, Million of reads per hour |	1467.01

                          Number of input reads |	45232784
                      Average input read length |	75
                                    UNIQUE READS:
                   Uniquely mapped reads number |	41608525
                        Uniquely mapped reads % |	91.99%
                          Average mapped length |	75.01
                       Number of splices: Total |	6881939
            Number of splices: Annotated (sjdb) |	6574274
                       Number of splices: GT/AG |	6783981
                       Number of splices: GC/AG |	54631
                       Number of splices: AT/AC |	5899
               Number of splices: Non-canonical |	37428
                      Mismatch rate per base, % |	0.71%
                         Deletion rate per base |	0.04%
                        Deletion average length |	1.93
                        Insertion rate per base |	0.02%
                       Insertion average length |	1.76
                             MULTI-MAPPING READS:
        Number of reads mapped to multiple loci |	1835417
             % of reads mapped to multiple loci |	4.06%
        Number of reads mapped to too many loci |	290360
             % of reads mapped to too many loci |	0.64%
                                  UNMAPPED READS:
       % of reads unmapped: too many mismatches |	0.00%
                 % of reads unmapped: too short |	2.56%
                     % of reads unmapped: other |	0.75%
                                  CHIMERIC READS:
                       Number of chimeric reads |	0
                            % of chimeric reads |	0.00%
