                                 Started job on |	Aug 08 23:10:55
                             Started mapping on |	Aug 08 23:11:00
                                    Finished on |	Aug 08 23:12:16
       Mapping speed, Million of reads per hour |	1386.70

                          Number of input reads |	29274876
                      Average input read length |	75
                                    UNIQUE READS:
                   Uniquely mapped reads number |	26641327
                        Uniquely mapped reads % |	91.00%
                          Average mapped length |	75.01
                       Number of splices: Total |	4441757
            Number of splices: Annotated (sjdb) |	4238681
                       Number of splices: GT/AG |	4378458
                       Number of splices: GC/AG |	35439
                       Number of splices: AT/AC |	3673
               Number of splices: Non-canonical |	24187
                      Mismatch rate per base, % |	0.70%
                         Deletion rate per base |	0.04%
                        Deletion average length |	1.96
                        Insertion rate per base |	0.02%
                       Insertion average length |	1.76
                             MULTI-MAPPING READS:
        Number of reads mapped to multiple loci |	1431810
             % of reads mapped to multiple loci |	4.89%
        Number of reads mapped to too many loci |	201811
             % of reads mapped to too many loci |	0.69%
                                  UNMAPPED READS:
       % of reads unmapped: too many mismatches |	0.00%
                 % of reads unmapped: too short |	2.65%
                     % of reads unmapped: other |	0.77%
                                  CHIMERIC READS:
                       Number of chimeric reads |	0
                            % of chimeric reads |	0.00%
