                                 Started job on |	Aug 08 23:07:58
                             Started mapping on |	Aug 08 23:08:03
                                    Finished on |	Aug 08 23:10:51
       Mapping speed, Million of reads per hour |	900.48

                          Number of input reads |	42022566
                      Average input read length |	148
                                    UNIQUE READS:
                   Uniquely mapped reads number |	39482308
                        Uniquely mapped reads % |	93.96%
                          Average mapped length |	147.63
                       Number of splices: Total |	14622360
            Number of splices: Annotated (sjdb) |	14033648
                       Number of splices: GT/AG |	14407932
                       Number of splices: GC/AG |	119283
                       Number of splices: AT/AC |	14497
               Number of splices: Non-canonical |	80648
                      Mismatch rate per base, % |	0.66%
                         Deletion rate per base |	0.07%
                        Deletion average length |	2.66
                        Insertion rate per base |	0.06%
                       Insertion average length |	2.12
                             MULTI-MAPPING READS:
        Number of reads mapped to multiple loci |	985668
             % of reads mapped to multiple loci |	2.35%
        Number of reads mapped to too many loci |	89555
             % of reads mapped to too many loci |	0.21%
                                  UNMAPPED READS:
       % of reads unmapped: too many mismatches |	0.00%
                 % of reads unmapped: too short |	3.35%
                     % of reads unmapped: other |	0.14%
                                  CHIMERIC READS:
                       Number of chimeric reads |	0
                            % of chimeric reads |	0.00%
