                                 Started job on |	Aug 08 23:18:42
                             Started mapping on |	Aug 08 23:18:47
                                    Finished on |	Aug 08 23:20:11
       Mapping speed, Million of reads per hour |	1372.61

                          Number of input reads |	32027574
                      Average input read length |	75
                                    UNIQUE READS:
                   Uniquely mapped reads number |	29457616
                        Uniquely mapped reads % |	91.98%
                          Average mapped length |	74.95
                       Number of splices: Total |	4424653
            Number of splices: Annotated (sjdb) |	4214524
                       Number of splices: GT/AG |	4354569
                       Number of splices: GC/AG |	35796
                       Number of splices: AT/AC |	3853
               Number of splices: Non-canonical |	30435
                      Mismatch rate per base, % |	0.73%
                         Deletion rate per base |	0.04%
                        Deletion average length |	1.95
                        Insertion rate per base |	0.03%
                       Insertion average length |	1.70
                             MULTI-MAPPING READS:
        Number of reads mapped to multiple loci |	1306782
             % of reads mapped to multiple loci |	4.08%
        Number of reads mapped to too many loci |	205453
             % of reads mapped to too many loci |	0.64%
                                  UNMAPPED READS:
       % of reads unmapped: too many mismatches |	0.00%
                 % of reads unmapped: too short |	2.81%
                     % of reads unmapped: other |	0.49%
                                  CHIMERIC READS:
                       Number of chimeric reads |	0
                            % of chimeric reads |	0.00%
