                                 Started job on |	Aug 08 23:15:24
                             Started mapping on |	Aug 08 23:15:30
                                    Finished on |	Aug 08 23:18:38
       Mapping speed, Million of reads per hour |	895.87

                          Number of input reads |	46784129
                      Average input read length |	148
                                    UNIQUE READS:
                   Uniquely mapped reads number |	44037948
                        Uniquely mapped reads % |	94.13%
                          Average mapped length |	147.92
                       Number of splices: Total |	15715609
            Number of splices: Annotated (sjdb) |	15161806
                       Number of splices: GT/AG |	15487014
                       Number of splices: GC/AG |	129840
                       Number of splices: AT/AC |	14985
               Number of splices: Non-canonical |	83770
                      Mismatch rate per base, % |	0.66%
                         Deletion rate per base |	0.07%
                        Deletion average length |	2.68
                        Insertion rate per base |	0.06%
                       Insertion average length |	2.09
                             MULTI-MAPPING READS:
        Number of reads mapped to multiple loci |	1040465
             % of reads mapped to multiple loci |	2.22%
        Number of reads mapped to too many loci |	87324
             % of reads mapped to too many loci |	0.19%
                                  UNMAPPED READS:
       % of reads unmapped: too many mismatches |	0.00%
                 % of reads unmapped: too short |	3.31%
                     % of reads unmapped: other |	0.15%
                                  CHIMERIC READS:
                       Number of chimeric reads |	0
                            % of chimeric reads |	0.00%
