                                 Started job on |	Aug 08 23:26:03
                             Started mapping on |	Aug 08 23:26:09
                                    Finished on |	Aug 08 23:30:20
       Mapping speed, Million of reads per hour |	909.09

                          Number of input reads |	63383444
                      Average input read length |	148
                                    UNIQUE READS:
                   Uniquely mapped reads number |	59293438
                        Uniquely mapped reads % |	93.55%
                          Average mapped length |	147.95
                       Number of splices: Total |	22224712
            Number of splices: Annotated (sjdb) |	21254104
                       Number of splices: GT/AG |	21906128
                       Number of splices: GC/AG |	174913
                       Number of splices: AT/AC |	20725
               Number of splices: Non-canonical |	122946
                      Mismatch rate per base, % |	0.66%
                         Deletion rate per base |	0.07%
                        Deletion average length |	2.71
                        Insertion rate per base |	0.06%
                       Insertion average length |	2.15
                             MULTI-MAPPING READS:
        Number of reads mapped to multiple loci |	1521545
             % of reads mapped to multiple loci |	2.40%
        Number of reads mapped to too many loci |	231781
             % of reads mapped to too many loci |	0.37%
                                  UNMAPPED READS:
       % of reads unmapped: too many mismatches |	0.00%
                 % of reads unmapped: too short |	3.32%
                     % of reads unmapped: other |	0.37%
                                  CHIMERIC READS:
                       Number of chimeric reads |	0
                            % of chimeric reads |	0.00%
