                                 Started job on |	Aug 08 23:36:23
                             Started mapping on |	Aug 08 23:36:28
                                    Finished on |	Aug 08 23:38:36
       Mapping speed, Million of reads per hour |	847.74

                          Number of input reads |	30142041
                      Average input read length |	148
                                    UNIQUE READS:
                   Uniquely mapped reads number |	28087042
                        Uniquely mapped reads % |	93.18%
                          Average mapped length |	147.97
                       Number of splices: Total |	10274204
            Number of splices: Annotated (sjdb) |	9830449
                       Number of splices: GT/AG |	10125150
                       Number of splices: GC/AG |	82714
                       Number of splices: AT/AC |	9558
               Number of splices: Non-canonical |	56782
                      Mismatch rate per base, % |	0.68%
                         Deletion rate per base |	0.07%
                        Deletion average length |	2.68
                        Insertion rate per base |	0.06%
                       Insertion average length |	2.14
                             MULTI-MAPPING READS:
        Number of reads mapped to multiple loci |	691883
             % of reads mapped to multiple loci |	2.30%
        Number of reads mapped to too many loci |	102546
             % of reads mapped to too many loci |	0.34%
                                  UNMAPPED READS:
       % of reads unmapped: too many mismatches |	0.00%
                 % of reads unmapped: too short |	3.84%
                     % of reads unmapped: other |	0.34%
                                  CHIMERIC READS:
                       Number of chimeric reads |	0
                            % of chimeric reads |	0.00%
